<?xml version="1.0" encoding="UTF-8"?>
<!-- Generated by org.testng.reporters.JUnitReportReporter -->
<testsuite hostname="C02GL0WBMD6T" failures="0" tests="1" name="org.newappium.tests.CountrySelectionTest" time="36.774" errors="0" timestamp="2024-11-25T00:42:33 PST" skipped="0">
  <testcase classname="org.newappium.tests.CountrySelectionTest" name="testCountrySelection" time="36.774"/>
</testsuite> <!-- org.newappium.tests.CountrySelectionTest -->
